<?xml version="1.0" encoding="UTF-8"?>
<coverage generated="1344516837">
  <project timestamp="1344516837">
    <file name="/home/www/www5/application/Core/controllers/AuthController.php">
      <class name="AuthController" namespace="global" fullPackage="Core.Controller" category="MyApp" package="Core" subpackage="Controller">
        <metrics methods="2" coveredmethods="0" conditionals="0" coveredconditionals="0" statements="19" coveredstatements="0" elements="21" coveredelements="0"/>
      </class>
      <line num="40" type="method" name="signinAction" crap="20" count="0"/>
      <line num="42" type="stmt" count="0"/>
      <line num="43" type="stmt" count="0"/>
      <line num="44" type="stmt" count="0"/>
      <line num="46" type="stmt" count="0"/>
      <line num="48" type="stmt" count="0"/>
      <line num="50" type="stmt" count="0"/>
      <line num="51" type="stmt" count="0"/>
      <line num="52" type="stmt" count="0"/>
      <line num="53" type="stmt" count="0"/>
      <line num="54" type="stmt" count="0"/>
      <line num="55" type="stmt" count="0"/>
      <line num="56" type="stmt" count="0"/>
      <line num="57" type="stmt" count="0"/>
      <line num="58" type="stmt" count="0"/>
      <line num="59" type="stmt" count="0"/>
      <line num="65" type="method" name="signoutAction" crap="2" count="0"/>
      <line num="68" type="stmt" count="0"/>
      <line num="69" type="stmt" count="0"/>
      <line num="70" type="stmt" count="0"/>
      <line num="71" type="stmt" count="0"/>
      <metrics loc="72" ncloc="27" classes="1" methods="2" coveredmethods="0" conditionals="0" coveredconditionals="0" statements="19" coveredstatements="0" elements="21" coveredelements="0"/>
    </file>
    <file name="/home/www/www5/application/Core/forms/Signin.php">
      <class name="Core_Form_Signin" namespace="global" fullPackage="Core.Form" category="MyApp" package="Core" subpackage="Form">
        <metrics methods="1" coveredmethods="0" conditionals="0" coveredconditionals="0" statements="22" coveredstatements="0" elements="23" coveredelements="0"/>
      </class>
      <line num="26" type="method" name="init" crap="2" count="0"/>
      <line num="28" type="stmt" count="0"/>
      <line num="29" type="stmt" count="0"/>
      <line num="30" type="stmt" count="0"/>
      <line num="31" type="stmt" count="0"/>
      <line num="32" type="stmt" count="0"/>
      <line num="33" type="stmt" count="0"/>
      <line num="34" type="stmt" count="0"/>
      <line num="35" type="stmt" count="0"/>
      <line num="36" type="stmt" count="0"/>
      <line num="37" type="stmt" count="0"/>
      <line num="38" type="stmt" count="0"/>
      <line num="40" type="stmt" count="0"/>
      <line num="41" type="stmt" count="0"/>
      <line num="42" type="stmt" count="0"/>
      <line num="43" type="stmt" count="0"/>
      <line num="44" type="stmt" count="0"/>
      <line num="45" type="stmt" count="0"/>
      <line num="46" type="stmt" count="0"/>
      <line num="47" type="stmt" count="0"/>
      <line num="49" type="stmt" count="0"/>
      <line num="50" type="stmt" count="0"/>
      <line num="52" type="stmt" count="0"/>
      <metrics loc="53" ncloc="32" classes="1" methods="1" coveredmethods="0" conditionals="0" coveredconditionals="0" statements="22" coveredstatements="0" elements="23" coveredelements="0"/>
    </file>
    <file name="/home/www/www5/application/Core/models/Interface.php">
      <line num="15" type="stmt" count="1"/>
      <line num="20" type="stmt" count="1"/>
      <metrics loc="19" ncloc="7" classes="0" methods="0" coveredmethods="0" conditionals="0" coveredconditionals="0" statements="1" coveredstatements="1" elements="1" coveredelements="1"/>
    </file>
    <file name="/home/www/www5/application/Core/models/Role.php">
      <class name="Core_Model_Role" namespace="global" fullPackage="Core.Model" category="MyApp" package="Core" subpackage="Model">
        <metrics methods="4" coveredmethods="4" conditionals="0" coveredconditionals="0" statements="6" coveredstatements="6" elements="10" coveredelements="10"/>
      </class>
      <line num="38" type="method" name="getId" crap="1" count="3"/>
      <line num="40" type="stmt" count="3"/>
      <line num="46" type="method" name="setId" crap="1" count="3"/>
      <line num="48" type="stmt" count="3"/>
      <line num="50" type="stmt" count="3"/>
      <line num="56" type="method" name="getLabel" crap="1" count="3"/>
      <line num="58" type="stmt" count="3"/>
      <line num="64" type="method" name="setLabel" crap="1" count="3"/>
      <line num="66" type="stmt" count="3"/>
      <line num="68" type="stmt" count="3"/>
      <line num="72" type="stmt" count="1"/>
      <metrics loc="71" ncloc="31" classes="1" methods="4" coveredmethods="4" conditionals="0" coveredconditionals="0" statements="6" coveredstatements="6" elements="10" coveredelements="10"/>
    </file>
    <file name="/home/www/www5/application/Core/models/User.php">
      <class name="Core_Model_User" namespace="global" fullPackage="Core.Model" category="MyApp" package="Core" subpackage="Model">
        <metrics methods="14" coveredmethods="14" conditionals="0" coveredconditionals="0" statements="21" coveredstatements="21" elements="35" coveredelements="35"/>
      </class>
      <line num="58" type="method" name="getId" crap="1" count="3"/>
      <line num="60" type="stmt" count="3"/>
      <line num="66" type="method" name="setId" crap="1" count="3"/>
      <line num="68" type="stmt" count="3"/>
      <line num="70" type="stmt" count="3"/>
      <line num="76" type="method" name="getLogin" crap="1" count="3"/>
      <line num="78" type="stmt" count="3"/>
      <line num="84" type="method" name="setLogin" crap="1" count="3"/>
      <line num="86" type="stmt" count="3"/>
      <line num="88" type="stmt" count="3"/>
      <line num="94" type="method" name="getPassword" crap="1" count="3"/>
      <line num="96" type="stmt" count="3"/>
      <line num="103" type="method" name="setPassword" crap="1" count="3"/>
      <line num="105" type="stmt" count="3"/>
      <line num="107" type="stmt" count="3"/>
      <line num="113" type="method" name="getEmail" crap="1" count="3"/>
      <line num="115" type="stmt" count="3"/>
      <line num="121" type="method" name="setEmail" crap="1" count="3"/>
      <line num="123" type="stmt" count="3"/>
      <line num="125" type="stmt" count="3"/>
      <line num="131" type="method" name="getFirstname" crap="1" count="3"/>
      <line num="133" type="stmt" count="3"/>
      <line num="139" type="method" name="setFirstname" crap="1" count="3"/>
      <line num="141" type="stmt" count="3"/>
      <line num="143" type="stmt" count="3"/>
      <line num="149" type="method" name="getLastname" crap="1" count="3"/>
      <line num="151" type="stmt" count="3"/>
      <line num="157" type="method" name="setLastname" crap="1" count="3"/>
      <line num="159" type="stmt" count="3"/>
      <line num="161" type="stmt" count="3"/>
      <line num="166" type="method" name="getRole" crap="1" count="3"/>
      <line num="168" type="stmt" count="3"/>
      <line num="174" type="method" name="setRole" crap="1" count="3"/>
      <line num="176" type="stmt" count="3"/>
      <line num="178" type="stmt" count="3"/>
      <line num="182" type="stmt" count="1"/>
      <metrics loc="181" ncloc="96" classes="1" methods="14" coveredmethods="14" conditionals="0" coveredconditionals="0" statements="21" coveredstatements="21" elements="35" coveredelements="35"/>
    </file>
    <file name="/home/www/www5/application/Core/models/UserCollection.php">
      <class name="Core_Model_UserCollection" namespace="global" fullPackage="Core.Model" category="MyApp" package="Core" subpackage="Model">
        <metrics methods="0" coveredmethods="0" conditionals="0" coveredconditionals="0" statements="0" coveredstatements="0" elements="0" coveredelements="0"/>
      </class>
      <line num="26" type="stmt" count="1"/>
      <line num="28" type="stmt" count="1"/>
      <metrics loc="27" ncloc="5" classes="1" methods="0" coveredmethods="0" conditionals="0" coveredconditionals="0" statements="1" coveredstatements="1" elements="1" coveredelements="1"/>
    </file>
    <file name="/home/www/www5/application/Core/models/mappers/Abstract.php">
      <class name="Core_Model_Mapper_Abstract" namespace="global" fullPackage="Core.Model" category="MyApp" package="Core" subpackage="Model">
        <metrics methods="8" coveredmethods="3" conditionals="0" coveredconditionals="0" statements="44" coveredstatements="12" elements="52" coveredelements="15"/>
      </class>
      <line num="30" type="method" name="find" crap="2.06" count="1"/>
      <line num="32" type="stmt" count="1"/>
      <line num="34" type="stmt" count="1"/>
      <line num="35" type="stmt" count="0"/>
      <line num="38" type="stmt" count="1"/>
      <line num="41" type="method" name="fetchAll" crap="12" count="0"/>
      <line num="43" type="stmt" count="0"/>
      <line num="44" type="stmt" count="0"/>
      <line num="45" type="stmt" count="0"/>
      <line num="47" type="stmt" count="0"/>
      <line num="48" type="stmt" count="0"/>
      <line num="49" type="stmt" count="0"/>
      <line num="50" type="stmt" count="0"/>
      <line num="52" type="stmt" count="0"/>
      <line num="55" type="method" name="setDbTable" crap="1" count="2"/>
      <line num="57" type="stmt" count="2"/>
      <line num="58" type="stmt" count="2"/>
      <line num="60" type="method" name="getDbTable" crap="3.24" count="2"/>
      <line num="62" type="stmt" count="2"/>
      <line num="63" type="stmt" count="0"/>
      <line num="64" type="stmt" count="0"/>
      <line num="65" type="stmt" count="1"/>
      <line num="66" type="stmt" count="0"/>
      <line num="67" type="stmt" count="1"/>
      <line num="68" type="stmt" count="1"/>
      <line num="69" type="stmt" count="1"/>
      <line num="70" type="stmt" count="1"/>
      <line num="71" type="stmt" count="2"/>
      <line num="81" type="method" name="delete" crap="20" count="0"/>
      <line num="83" type="stmt" count="0"/>
      <line num="84" type="stmt" count="0"/>
      <line num="85" type="stmt" count="0"/>
      <line num="86" type="stmt" count="0"/>
      <line num="87" type="stmt" count="0"/>
      <line num="88" type="stmt" count="0"/>
      <line num="89" type="stmt" count="0"/>
      <line num="92" type="stmt" count="0"/>
      <line num="93" type="stmt" count="0"/>
      <line num="94" type="stmt" count="0"/>
      <line num="96" type="stmt" count="0"/>
      <line num="97" type="stmt" count="0"/>
      <line num="99" type="stmt" count="0"/>
      <line num="102" type="stmt" count="0"/>
      <line num="105" type="method" name="save" crap="6" count="0"/>
      <line num="107" type="stmt" count="0"/>
      <line num="110" type="stmt" count="0"/>
      <line num="111" type="stmt" count="0"/>
      <line num="113" type="stmt" count="0"/>
      <line num="116" type="stmt" count="0"/>
      <line num="118" type="stmt" count="0"/>
      <line num="122" type="method" name="rowToObject" crap="1" count="0"/>
      <line num="124" type="method" name="objectToArray" crap="1" count="0"/>
      <line num="126" type="stmt" count="1"/>
      <metrics loc="125" ncloc="94" classes="1" methods="6" coveredmethods="1" conditionals="0" coveredconditionals="0" statements="44" coveredstatements="12" elements="50" coveredelements="13"/>
    </file>
    <file name="/home/www/www5/application/Core/models/mappers/Role.php">
      <class name="Core_Model_Mapper_Role" namespace="global" fullPackage="Core.Model" category="MyApp" package="Core" subpackage="Model">
        <metrics methods="2" coveredmethods="2" conditionals="0" coveredconditionals="0" statements="7" coveredstatements="7" elements="9" coveredelements="9"/>
      </class>
      <line num="34" type="method" name="rowToObject" crap="1" count="2"/>
      <line num="37" type="stmt" count="2"/>
      <line num="38" type="stmt" count="2"/>
      <line num="39" type="stmt" count="2"/>
      <line num="41" type="stmt" count="2"/>
      <line num="44" type="method" name="objectToArray" crap="1" count="2"/>
      <line num="46" type="stmt" count="2"/>
      <line num="47" type="stmt" count="2"/>
      <line num="49" type="stmt" count="2"/>
      <line num="52" type="stmt" count="1"/>
      <metrics loc="51" ncloc="28" classes="1" methods="2" coveredmethods="2" conditionals="0" coveredconditionals="0" statements="7" coveredstatements="7" elements="9" coveredelements="9"/>
    </file>
    <file name="/home/www/www5/application/Core/models/mappers/User.php">
      <class name="Core_Model_Mapper_User" namespace="global" fullPackage="Core.Model" category="MyApp" package="Core" subpackage="Model">
        <metrics methods="3" coveredmethods="3" conditionals="0" coveredconditionals="0" statements="29" coveredstatements="28" elements="32" coveredelements="31"/>
      </class>
      <line num="0" type="stmt" count="1"/>
      <line num="40" type="method" name="fetchAll" crap="3.02" count="1"/>
      <line num="42" type="stmt" count="1"/>
      <line num="44" type="stmt" count="1"/>
      <line num="45" type="stmt" count="0"/>
      <line num="47" type="stmt" count="1"/>
      <line num="48" type="stmt" count="1"/>
      <line num="49" type="stmt" count="1"/>
      <line num="50" type="stmt" count="1"/>
      <line num="52" type="stmt" count="1"/>
      <line num="55" type="method" name="rowToObject" crap="1" count="2"/>
      <line num="58" type="stmt" count="2"/>
      <line num="60" type="stmt" count="2"/>
      <line num="61" type="stmt" count="2"/>
      <line num="62" type="stmt" count="2"/>
      <line num="64" type="stmt" count="2"/>
      <line num="65" type="stmt" count="2"/>
      <line num="66" type="stmt" count="2"/>
      <line num="67" type="stmt" count="2"/>
      <line num="68" type="stmt" count="2"/>
      <line num="69" type="stmt" count="2"/>
      <line num="70" type="stmt" count="2"/>
      <line num="71" type="stmt" count="2"/>
      <line num="73" type="stmt" count="2"/>
      <line num="76" type="method" name="objectToArray" crap="1" count="2"/>
      <line num="78" type="stmt" count="2"/>
      <line num="79" type="stmt" count="2"/>
      <line num="80" type="stmt" count="2"/>
      <line num="81" type="stmt" count="2"/>
      <line num="82" type="stmt" count="2"/>
      <line num="83" type="stmt" count="2"/>
      <line num="84" type="stmt" count="2"/>
      <line num="86" type="stmt" count="2"/>
      <line num="89" type="stmt" count="1"/>
      <metrics loc="88" ncloc="63" classes="1" methods="3" coveredmethods="2" conditionals="0" coveredconditionals="0" statements="29" coveredstatements="28" elements="32" coveredelements="30"/>
    </file>
    <file name="/home/www/www5/application/Core/plugins/Auth.php">
      <class name="Core_Plugin_Auth" namespace="global" fullPackage="Core.Plugin" category="MyApp" package="Core" subpackage="Plugin">
        <metrics methods="1" coveredmethods="0" conditionals="0" coveredconditionals="0" statements="8" coveredstatements="0" elements="9" coveredelements="0"/>
      </class>
      <line num="27" type="method" name="dispatchLoopStartup" crap="6" count="0"/>
      <line num="29" type="stmt" count="0"/>
      <line num="30" type="stmt" count="0"/>
      <line num="31" type="stmt" count="0"/>
      <line num="32" type="stmt" count="0"/>
      <line num="33" type="stmt" count="0"/>
      <line num="34" type="stmt" count="0"/>
      <line num="35" type="stmt" count="0"/>
      <line num="36" type="stmt" count="0"/>
      <metrics loc="37" ncloc="15" classes="1" methods="1" coveredmethods="0" conditionals="0" coveredconditionals="0" statements="8" coveredstatements="0" elements="9" coveredelements="0"/>
    </file>
    <file name="/home/www/www5/application/Core/services/User.php">
      <class name="Core_Service_User" namespace="global" fullPackage="Core.Service" category="MyApp" package="Core" subpackage="Service">
        <metrics methods="8" coveredmethods="3" conditionals="0" coveredconditionals="0" statements="25" coveredstatements="10" elements="33" coveredelements="13"/>
      </class>
      <line num="71" type="method" name="authenticate" crap="6" count="0"/>
      <line num="73" type="stmt" count="0"/>
      <line num="74" type="stmt" count="0"/>
      <line num="75" type="stmt" count="0"/>
      <line num="76" type="stmt" count="0"/>
      <line num="77" type="stmt" count="0"/>
      <line num="78" type="stmt" count="0"/>
      <line num="79" type="stmt" count="0"/>
      <line num="81" type="stmt" count="0"/>
      <line num="84" type="stmt" count="0"/>
      <line num="90" type="method" name="clearIdentity" crap="2" count="0"/>
      <line num="92" type="stmt" count="0"/>
      <line num="93" type="stmt" count="0"/>
      <line num="103" type="method" name="find" crap="1" count="1"/>
      <line num="105" type="stmt" count="1"/>
      <line num="115" type="method" name="fetchAll" crap="2" count="1"/>
      <line num="117" type="stmt" count="1"/>
      <line num="118" type="stmt" count="1"/>
      <line num="119" type="stmt" count="1"/>
      <line num="120" type="stmt" count="1"/>
      <line num="121" type="stmt" count="1"/>
      <line num="131" type="method" name="save" crap="2" count="0"/>
      <line num="133" type="stmt" count="0"/>
      <line num="143" type="method" name="delete" crap="2" count="0"/>
      <line num="145" type="stmt" count="0"/>
      <line num="155" type="method" name="getUserMapper" crap="2" count="2"/>
      <line num="157" type="stmt" count="2"/>
      <line num="158" type="stmt" count="2"/>
      <line num="159" type="stmt" count="2"/>
      <line num="161" type="stmt" count="2"/>
      <line num="169" type="method" name="setUserMapper" crap="2" count="0"/>
      <line num="171" type="stmt" count="0"/>
      <line num="172" type="stmt" count="0"/>
      <line num="174" type="stmt" count="1"/>
      <metrics loc="173" ncloc="66" classes="1" methods="8" coveredmethods="3" conditionals="0" coveredconditionals="0" statements="25" coveredstatements="10" elements="33" coveredelements="13"/>
    </file>
    <file name="/home/www/www5/library/My/Application/Resource/Zfdebug.php">
      <class name="My_Application_Resource_Zfdebug" namespace="global" fullPackage="Application.Resource" category="My" package="Application" subpackage="Resource">
        <metrics methods="1" coveredmethods="0" conditionals="0" coveredconditionals="0" statements="26" coveredstatements="0" elements="27" coveredelements="0"/>
      </class>
      <line num="27" type="method" name="init" crap="20" count="0"/>
      <line num="29" type="stmt" count="0"/>
      <line num="31" type="stmt" count="0"/>
      <line num="32" type="stmt" count="0"/>
      <line num="35" type="stmt" count="0"/>
      <line num="37" type="stmt" count="0"/>
      <line num="41" type="stmt" count="0"/>
      <line num="42" type="stmt" count="0"/>
      <line num="43" type="stmt" count="0"/>
      <line num="44" type="stmt" count="0"/>
      <line num="45" type="stmt" count="0"/>
      <line num="46" type="stmt" count="0"/>
      <line num="47" type="stmt" count="0"/>
      <line num="48" type="stmt" count="0"/>
      <line num="50" type="stmt" count="0"/>
      <line num="52" type="stmt" count="0"/>
      <line num="55" type="stmt" count="0"/>
      <line num="56" type="stmt" count="0"/>
      <line num="57" type="stmt" count="0"/>
      <line num="58" type="stmt" count="0"/>
      <line num="59" type="stmt" count="0"/>
      <line num="62" type="stmt" count="0"/>
      <line num="66" type="stmt" count="0"/>
      <line num="69" type="stmt" count="0"/>
      <line num="70" type="stmt" count="0"/>
      <line num="71" type="stmt" count="0"/>
      <line num="73" type="stmt" count="0"/>
      <metrics loc="77" ncloc="17" classes="1" methods="1" coveredmethods="0" conditionals="0" coveredconditionals="0" statements="26" coveredstatements="0" elements="27" coveredelements="0"/>
    </file>
    <file name="/home/www/www5/library/My/Db/Table/RowMock.php">
      <class name="My_Db_Table_RowMock" namespace="global" fullPackage="My.Db.Table">
        <metrics methods="3" coveredmethods="2" conditionals="0" coveredconditionals="0" statements="6" coveredstatements="5" elements="9" coveredelements="7"/>
      </class>
      <line num="8" type="method" name="__construct" crap="1" count="2"/>
      <line num="10" type="stmt" count="2"/>
      <line num="11" type="stmt" count="2"/>
      <line num="12" type="stmt" count="2"/>
      <line num="13" type="stmt" count="2"/>
      <line num="14" type="method" name="findParentRow" crap="1" count="2"/>
      <line num="16" type="stmt" count="2"/>
      <line num="19" type="method" name="findDependentRowset" crap="2" count="0"/>
      <line num="21" type="stmt" count="0"/>
      <line num="23" type="stmt" count="1"/>
      <metrics loc="22" ncloc="22" classes="1" methods="3" coveredmethods="2" conditionals="0" coveredconditionals="0" statements="6" coveredstatements="5" elements="9" coveredelements="7"/>
    </file>
    <file name="/home/www/www5/library/My/Db/Table/RowsetMock.php">
      <class name="My_Db_Table_RowsetMock" namespace="global" fullPackage="My.Db.Table">
        <metrics methods="3" coveredmethods="3" conditionals="0" coveredconditionals="0" statements="12" coveredstatements="12" elements="15" coveredelements="15"/>
      </class>
      <line num="7" type="method" name="__construct" crap="1" count="1"/>
      <line num="9" type="stmt" count="1"/>
      <line num="10" type="stmt" count="1"/>
      <line num="11" type="stmt" count="1"/>
      <line num="13" type="method" name="count" crap="1" count="1"/>
      <line num="15" type="stmt" count="1"/>
      <line num="16" type="stmt" count="1"/>
      <line num="19" type="method" name="current" crap="1" count="1"/>
      <line num="21" type="stmt" count="1"/>
      <line num="22" type="stmt" count="1"/>
      <line num="23" type="stmt" count="1"/>
      <line num="24" type="stmt" count="1"/>
      <line num="25" type="stmt" count="1"/>
      <line num="26" type="stmt" count="1"/>
      <line num="27" type="stmt" count="1"/>
      <line num="29" type="stmt" count="1"/>
      <metrics loc="28" ncloc="28" classes="1" methods="3" coveredmethods="3" conditionals="0" coveredconditionals="0" statements="12" coveredstatements="12" elements="15" coveredelements="15"/>
    </file>
    <file name="/home/www/www5/library/My/Model/Collection.php">
      <class name="My_Model_Collection" namespace="global" fullPackage="Model" category="My" package="Model">
        <metrics methods="6" coveredmethods="1" conditionals="0" coveredconditionals="0" statements="9" coveredstatements="2" elements="15" coveredelements="3"/>
      </class>
      <line num="29" type="method" name="current" crap="2" count="0"/>
      <line num="31" type="stmt" count="0"/>
      <line num="36" type="method" name="next" crap="2" count="0"/>
      <line num="38" type="stmt" count="0"/>
      <line num="39" type="stmt" count="0"/>
      <line num="43" type="method" name="key" crap="2" count="0"/>
      <line num="45" type="stmt" count="0"/>
      <line num="50" type="method" name="valid" crap="2" count="0"/>
      <line num="52" type="stmt" count="0"/>
      <line num="57" type="method" name="rewind" crap="2" count="0"/>
      <line num="59" type="stmt" count="0"/>
      <line num="60" type="stmt" count="0"/>
      <line num="62" type="method" name="add" crap="1" count="1"/>
      <line num="64" type="stmt" count="1"/>
      <line num="65" type="stmt" count="1"/>
      <line num="68" type="stmt" count="1"/>
      <metrics loc="67" ncloc="33" classes="1" methods="6" coveredmethods="1" conditionals="0" coveredconditionals="0" statements="9" coveredstatements="2" elements="15" coveredelements="3"/>
    </file>
    <file name="/home/www/www5/library/My/Service/ServiceAbstract.php">
      <class name="My_Service_ServiceAbstract" namespace="global" fullPackage="Service" category="My" package="Service">
        <metrics methods="2" coveredmethods="1" conditionals="0" coveredconditionals="0" statements="9" coveredstatements="7" elements="11" coveredelements="8"/>
      </class>
      <line num="43" type="method" name="getCache" crap="2" count="1"/>
      <line num="45" type="stmt" count="1"/>
      <line num="46" type="stmt" count="1"/>
      <line num="47" type="stmt" count="1"/>
      <line num="48" type="stmt" count="1"/>
      <line num="49" type="stmt" count="1"/>
      <line num="50" type="stmt" count="1"/>
      <line num="52" type="stmt" count="1"/>
      <line num="59" type="method" name="setCache" crap="2" count="0"/>
      <line num="61" type="stmt" count="0"/>
      <line num="62" type="stmt" count="0"/>
      <line num="64" type="stmt" count="1"/>
      <metrics loc="63" ncloc="24" classes="1" methods="2" coveredmethods="1" conditionals="0" coveredconditionals="0" statements="9" coveredstatements="7" elements="11" coveredelements="8"/>
    </file>
    <metrics files="16" loc="1154" ncloc="588" classes="15" methods="56" coveredmethods="33" conditionals="0" coveredconditionals="0" statements="245" coveredstatements="112" elements="301" coveredelements="145"/>
  </project>
</coverage>
