<?xml version="1.0" encoding="UTF-8"?>
<coverage generated="1344610827">
  <project timestamp="1344610827">
    <file name="/home/www/www5/application/Core/controllers/AuthController.php">
      <class name="AuthController" namespace="global" fullPackage="Core.Controller" category="MyApp" package="Core" subpackage="Controller">
        <metrics methods="2" coveredmethods="2" conditionals="0" coveredconditionals="0" statements="19" coveredstatements="19" elements="21" coveredelements="21"/>
      </class>
      <line num="0" type="stmt" count="1"/>
      <line num="40" type="method" name="signinAction" crap="4" count="7"/>
      <line num="42" type="stmt" count="7"/>
      <line num="43" type="stmt" count="7"/>
      <line num="44" type="stmt" count="7"/>
      <line num="46" type="stmt" count="7"/>
      <line num="48" type="stmt" count="6"/>
      <line num="50" type="stmt" count="6"/>
      <line num="51" type="stmt" count="6"/>
      <line num="52" type="stmt" count="6"/>
      <line num="53" type="stmt" count="6"/>
      <line num="54" type="stmt" count="5"/>
      <line num="55" type="stmt" count="5"/>
      <line num="56" type="stmt" count="6"/>
      <line num="57" type="stmt" count="6"/>
      <line num="58" type="stmt" count="7"/>
      <line num="59" type="stmt" count="7"/>
      <line num="65" type="method" name="signoutAction" crap="1" count="1"/>
      <line num="68" type="stmt" count="1"/>
      <line num="69" type="stmt" count="1"/>
      <line num="70" type="stmt" count="1"/>
      <line num="71" type="stmt" count="1"/>
      <line num="72" type="stmt" count="1"/>
      <line num="690" type="stmt" count="5"/>
      <metrics loc="71" ncloc="26" classes="1" methods="2" coveredmethods="2" conditionals="0" coveredconditionals="0" statements="19" coveredstatements="19" elements="21" coveredelements="21"/>
    </file>
    <file name="/home/www/www5/application/Core/controllers/UserController.php">
      <class name="UserController" namespace="global" fullPackage="Core.Controller" category="MyApp" package="Core" subpackage="Controller">
        <metrics methods="4" coveredmethods="4" conditionals="0" coveredconditionals="0" statements="40" coveredstatements="30" elements="44" coveredelements="34"/>
      </class>
      <line num="41" type="method" name="init" crap="1" count="3"/>
      <line num="43" type="stmt" count="3"/>
      <line num="44" type="stmt" count="3"/>
      <line num="45" type="stmt" count="3"/>
      <line num="47" type="method" name="listAction" crap="1" count="3"/>
      <line num="49" type="stmt" count="3"/>
      <line num="51" type="stmt" count="3"/>
      <line num="53" type="method" name="newAction" crap="11.72" count="1"/>
      <line num="55" type="stmt" count="1"/>
      <line num="56" type="stmt" count="1"/>
      <line num="57" type="stmt" count="1"/>
      <line num="59" type="stmt" count="1"/>
      <line num="61" type="stmt" count="1"/>
      <line num="63" type="stmt" count="1"/>
      <line num="64" type="stmt" count="1"/>
      <line num="65" type="stmt" count="1"/>
      <line num="66" type="stmt" count="1"/>
      <line num="67" type="stmt" count="1"/>
      <line num="68" type="stmt" count="1"/>
      <line num="69" type="stmt" count="1"/>
      <line num="70" type="stmt" count="1"/>
      <line num="73" type="stmt" count="1"/>
      <line num="75" type="stmt" count="1"/>
      <line num="76" type="stmt" count="0"/>
      <line num="77" type="stmt" count="0"/>
      <line num="79" type="stmt" count="0"/>
      <line num="80" type="stmt" count="0"/>
      <line num="81" type="stmt" count="0"/>
      <line num="82" type="stmt" count="0"/>
      <line num="83" type="stmt" count="0"/>
      <line num="84" type="stmt" count="0"/>
      <line num="88" type="stmt" count="1"/>
      <line num="89" type="stmt" count="0"/>
      <line num="90" type="stmt" count="0"/>
      <line num="91" type="stmt" count="1"/>
      <line num="94" type="stmt" count="1"/>
      <line num="95" type="stmt" count="1"/>
      <line num="97" type="stmt" count="1"/>
      <line num="98" type="stmt" count="1"/>
      <line num="101" type="method" name="deleteAction" crap="1" count="1"/>
      <line num="103" type="stmt" count="1"/>
      <line num="104" type="stmt" count="1"/>
      <line num="105" type="stmt" count="1"/>
      <line num="106" type="stmt" count="1"/>
      <line num="108" type="stmt" count="1"/>
      <line num="690" type="stmt" count="2"/>
      <metrics loc="107" ncloc="74" classes="1" methods="4" coveredmethods="3" conditionals="0" coveredconditionals="0" statements="40" coveredstatements="30" elements="44" coveredelements="33"/>
    </file>
    <file name="/home/www/www5/application/Core/forms/Signin.php">
      <class name="Core_Form_Signin" namespace="global" fullPackage="Core.Form" category="MyApp" package="Core" subpackage="Form">
        <metrics methods="1" coveredmethods="1" conditionals="0" coveredconditionals="0" statements="22" coveredstatements="22" elements="23" coveredelements="23"/>
      </class>
      <line num="1" type="stmt" count="1"/>
      <line num="26" type="method" name="init" crap="1" count="7"/>
      <line num="28" type="stmt" count="7"/>
      <line num="29" type="stmt" count="7"/>
      <line num="30" type="stmt" count="7"/>
      <line num="31" type="stmt" count="7"/>
      <line num="32" type="stmt" count="7"/>
      <line num="33" type="stmt" count="7"/>
      <line num="34" type="stmt" count="7"/>
      <line num="35" type="stmt" count="7"/>
      <line num="36" type="stmt" count="7"/>
      <line num="37" type="stmt" count="7"/>
      <line num="38" type="stmt" count="7"/>
      <line num="40" type="stmt" count="7"/>
      <line num="41" type="stmt" count="7"/>
      <line num="42" type="stmt" count="7"/>
      <line num="43" type="stmt" count="7"/>
      <line num="44" type="stmt" count="7"/>
      <line num="45" type="stmt" count="7"/>
      <line num="46" type="stmt" count="7"/>
      <line num="47" type="stmt" count="7"/>
      <line num="49" type="stmt" count="7"/>
      <line num="50" type="stmt" count="7"/>
      <line num="52" type="stmt" count="7"/>
      <line num="54" type="stmt" count="1"/>
      <metrics loc="53" ncloc="32" classes="1" methods="1" coveredmethods="1" conditionals="0" coveredconditionals="0" statements="23" coveredstatements="23" elements="24" coveredelements="24"/>
    </file>
    <file name="/home/www/www5/application/Core/forms/Useradd.php">
      <class name="Core_Form_Useradd" namespace="global" fullPackage="Core.Form" category="MyApp" package="Core" subpackage="Form">
        <metrics methods="1" coveredmethods="1" conditionals="0" coveredconditionals="0" statements="65" coveredstatements="65" elements="66" coveredelements="66"/>
      </class>
      <line num="27" type="method" name="init" crap="2" count="1"/>
      <line num="29" type="stmt" count="1"/>
      <line num="30" type="stmt" count="1"/>
      <line num="31" type="stmt" count="1"/>
      <line num="32" type="stmt" count="1"/>
      <line num="33" type="stmt" count="1"/>
      <line num="34" type="stmt" count="1"/>
      <line num="35" type="stmt" count="1"/>
      <line num="36" type="stmt" count="1"/>
      <line num="37" type="stmt" count="1"/>
      <line num="38" type="stmt" count="1"/>
      <line num="39" type="stmt" count="1"/>
      <line num="41" type="stmt" count="1"/>
      <line num="42" type="stmt" count="1"/>
      <line num="43" type="stmt" count="1"/>
      <line num="44" type="stmt" count="1"/>
      <line num="45" type="stmt" count="1"/>
      <line num="46" type="stmt" count="1"/>
      <line num="47" type="stmt" count="1"/>
      <line num="48" type="stmt" count="1"/>
      <line num="49" type="stmt" count="1"/>
      <line num="50" type="stmt" count="1"/>
      <line num="51" type="stmt" count="1"/>
      <line num="53" type="stmt" count="1"/>
      <line num="54" type="stmt" count="1"/>
      <line num="55" type="stmt" count="1"/>
      <line num="56" type="stmt" count="1"/>
      <line num="57" type="stmt" count="1"/>
      <line num="58" type="stmt" count="1"/>
      <line num="59" type="stmt" count="1"/>
      <line num="60" type="stmt" count="1"/>
      <line num="61" type="stmt" count="1"/>
      <line num="62" type="stmt" count="1"/>
      <line num="63" type="stmt" count="1"/>
      <line num="65" type="stmt" count="1"/>
      <line num="66" type="stmt" count="1"/>
      <line num="68" type="stmt" count="1"/>
      <line num="69" type="stmt" count="1"/>
      <line num="70" type="stmt" count="1"/>
      <line num="71" type="stmt" count="1"/>
      <line num="73" type="stmt" count="1"/>
      <line num="74" type="stmt" count="1"/>
      <line num="75" type="stmt" count="1"/>
      <line num="76" type="stmt" count="1"/>
      <line num="77" type="stmt" count="1"/>
      <line num="78" type="stmt" count="1"/>
      <line num="79" type="stmt" count="1"/>
      <line num="80" type="stmt" count="1"/>
      <line num="82" type="stmt" count="1"/>
      <line num="83" type="stmt" count="1"/>
      <line num="84" type="stmt" count="1"/>
      <line num="85" type="stmt" count="1"/>
      <line num="86" type="stmt" count="1"/>
      <line num="87" type="stmt" count="1"/>
      <line num="89" type="stmt" count="1"/>
      <line num="91" type="stmt" count="1"/>
      <line num="92" type="stmt" count="1"/>
      <line num="93" type="stmt" count="1"/>
      <line num="94" type="stmt" count="1"/>
      <line num="95" type="stmt" count="1"/>
      <line num="96" type="stmt" count="1"/>
      <line num="98" type="stmt" count="1"/>
      <line num="99" type="stmt" count="1"/>
      <line num="101" type="stmt" count="1"/>
      <line num="102" type="stmt" count="1"/>
      <line num="103" type="stmt" count="1"/>
      <line num="105" type="stmt" count="1"/>
      <metrics loc="104" ncloc="82" classes="1" methods="1" coveredmethods="1" conditionals="0" coveredconditionals="0" statements="65" coveredstatements="65" elements="66" coveredelements="66"/>
    </file>
    <file name="/home/www/www5/application/Core/i18n/en/errors.php">
      <line num="3" type="stmt" count="7"/>
      <line num="4" type="stmt" count="7"/>
      <line num="5" type="stmt" count="7"/>
      <line num="6" type="stmt" count="7"/>
      <metrics loc="6" ncloc="6" classes="0" methods="0" coveredmethods="0" conditionals="0" coveredconditionals="0" statements="4" coveredstatements="4" elements="4" coveredelements="4"/>
    </file>
    <file name="/home/www/www5/application/Core/i18n/en/forms.php">
      <line num="4" type="stmt" count="7"/>
      <line num="5" type="stmt" count="7"/>
      <line num="6" type="stmt" count="7"/>
      <line num="7" type="stmt" count="7"/>
      <line num="8" type="stmt" count="7"/>
      <line num="9" type="stmt" count="7"/>
      <line num="10" type="stmt" count="7"/>
      <line num="11" type="stmt" count="7"/>
      <metrics loc="11" ncloc="11" classes="0" methods="0" coveredmethods="0" conditionals="0" coveredconditionals="0" statements="8" coveredstatements="8" elements="8" coveredelements="8"/>
    </file>
    <file name="/home/www/www5/application/Core/i18n/en/main.php">
      <line num="4" type="stmt" count="7"/>
      <line num="5" type="stmt" count="7"/>
      <line num="6" type="stmt" count="7"/>
      <line num="7" type="stmt" count="7"/>
      <line num="8" type="stmt" count="7"/>
      <line num="9" type="stmt" count="7"/>
      <line num="10" type="stmt" count="7"/>
      <line num="11" type="stmt" count="7"/>
      <line num="12" type="stmt" count="7"/>
      <line num="13" type="stmt" count="7"/>
      <line num="14" type="stmt" count="7"/>
      <line num="15" type="stmt" count="7"/>
      <line num="16" type="stmt" count="7"/>
      <metrics loc="16" ncloc="16" classes="0" methods="0" coveredmethods="0" conditionals="0" coveredconditionals="0" statements="13" coveredstatements="13" elements="13" coveredelements="13"/>
    </file>
    <file name="/home/www/www5/application/Core/i18n/en/navigation.php">
      <line num="4" type="stmt" count="7"/>
      <line num="5" type="stmt" count="7"/>
      <line num="7" type="stmt" count="7"/>
      <metrics loc="7" ncloc="7" classes="0" methods="0" coveredmethods="0" conditionals="0" coveredconditionals="0" statements="3" coveredstatements="3" elements="3" coveredelements="3"/>
    </file>
    <file name="/home/www/www5/application/Core/i18n/fr/Zend_Validate.php">
      <line num="27" type="stmt" count="7"/>
      <line num="28" type="stmt" count="7"/>
      <line num="29" type="stmt" count="7"/>
      <line num="30" type="stmt" count="7"/>
      <line num="31" type="stmt" count="7"/>
      <line num="32" type="stmt" count="7"/>
      <line num="33" type="stmt" count="7"/>
      <line num="34" type="stmt" count="7"/>
      <line num="35" type="stmt" count="7"/>
      <line num="36" type="stmt" count="7"/>
      <line num="37" type="stmt" count="7"/>
      <line num="38" type="stmt" count="7"/>
      <line num="39" type="stmt" count="7"/>
      <line num="40" type="stmt" count="7"/>
      <line num="41" type="stmt" count="7"/>
      <line num="42" type="stmt" count="7"/>
      <line num="43" type="stmt" count="7"/>
      <line num="44" type="stmt" count="7"/>
      <line num="45" type="stmt" count="7"/>
      <line num="46" type="stmt" count="7"/>
      <line num="47" type="stmt" count="7"/>
      <line num="48" type="stmt" count="7"/>
      <line num="49" type="stmt" count="7"/>
      <line num="50" type="stmt" count="7"/>
      <line num="51" type="stmt" count="7"/>
      <line num="52" type="stmt" count="7"/>
      <line num="53" type="stmt" count="7"/>
      <line num="54" type="stmt" count="7"/>
      <line num="55" type="stmt" count="7"/>
      <line num="56" type="stmt" count="7"/>
      <line num="57" type="stmt" count="7"/>
      <line num="58" type="stmt" count="7"/>
      <line num="59" type="stmt" count="7"/>
      <line num="60" type="stmt" count="7"/>
      <line num="61" type="stmt" count="7"/>
      <line num="62" type="stmt" count="7"/>
      <line num="63" type="stmt" count="7"/>
      <line num="64" type="stmt" count="7"/>
      <line num="65" type="stmt" count="7"/>
      <line num="66" type="stmt" count="7"/>
      <line num="67" type="stmt" count="7"/>
      <line num="68" type="stmt" count="7"/>
      <line num="69" type="stmt" count="7"/>
      <line num="70" type="stmt" count="7"/>
      <line num="71" type="stmt" count="7"/>
      <line num="72" type="stmt" count="7"/>
      <line num="73" type="stmt" count="7"/>
      <line num="74" type="stmt" count="7"/>
      <line num="75" type="stmt" count="7"/>
      <line num="76" type="stmt" count="7"/>
      <line num="77" type="stmt" count="7"/>
      <line num="78" type="stmt" count="7"/>
      <line num="79" type="stmt" count="7"/>
      <line num="80" type="stmt" count="7"/>
      <line num="81" type="stmt" count="7"/>
      <line num="82" type="stmt" count="7"/>
      <line num="83" type="stmt" count="7"/>
      <line num="84" type="stmt" count="7"/>
      <line num="85" type="stmt" count="7"/>
      <line num="86" type="stmt" count="7"/>
      <line num="87" type="stmt" count="7"/>
      <line num="88" type="stmt" count="7"/>
      <line num="89" type="stmt" count="7"/>
      <line num="90" type="stmt" count="7"/>
      <line num="91" type="stmt" count="7"/>
      <line num="92" type="stmt" count="7"/>
      <line num="93" type="stmt" count="7"/>
      <line num="94" type="stmt" count="7"/>
      <line num="95" type="stmt" count="7"/>
      <line num="96" type="stmt" count="7"/>
      <line num="97" type="stmt" count="7"/>
      <line num="98" type="stmt" count="7"/>
      <line num="99" type="stmt" count="7"/>
      <line num="100" type="stmt" count="7"/>
      <line num="101" type="stmt" count="7"/>
      <line num="102" type="stmt" count="7"/>
      <line num="103" type="stmt" count="7"/>
      <line num="104" type="stmt" count="7"/>
      <line num="105" type="stmt" count="7"/>
      <line num="106" type="stmt" count="7"/>
      <line num="107" type="stmt" count="7"/>
      <line num="108" type="stmt" count="7"/>
      <line num="109" type="stmt" count="7"/>
      <line num="110" type="stmt" count="7"/>
      <line num="111" type="stmt" count="7"/>
      <line num="112" type="stmt" count="7"/>
      <line num="113" type="stmt" count="7"/>
      <line num="114" type="stmt" count="7"/>
      <line num="115" type="stmt" count="7"/>
      <line num="116" type="stmt" count="7"/>
      <line num="117" type="stmt" count="7"/>
      <line num="118" type="stmt" count="7"/>
      <line num="119" type="stmt" count="7"/>
      <line num="120" type="stmt" count="7"/>
      <line num="121" type="stmt" count="7"/>
      <line num="122" type="stmt" count="7"/>
      <line num="123" type="stmt" count="7"/>
      <line num="124" type="stmt" count="7"/>
      <line num="125" type="stmt" count="7"/>
      <line num="126" type="stmt" count="7"/>
      <line num="127" type="stmt" count="7"/>
      <line num="128" type="stmt" count="7"/>
      <line num="129" type="stmt" count="7"/>
      <line num="130" type="stmt" count="7"/>
      <line num="131" type="stmt" count="7"/>
      <line num="132" type="stmt" count="7"/>
      <line num="133" type="stmt" count="7"/>
      <line num="134" type="stmt" count="7"/>
      <line num="135" type="stmt" count="7"/>
      <metrics loc="135" ncloc="112" classes="0" methods="0" coveredmethods="0" conditionals="0" coveredconditionals="0" statements="109" coveredstatements="109" elements="109" coveredelements="109"/>
    </file>
    <file name="/home/www/www5/application/Core/i18n/fr/error.php">
      <line num="4" type="stmt" count="7"/>
      <line num="5" type="stmt" count="7"/>
      <line num="6" type="stmt" count="7"/>
      <line num="7" type="stmt" count="7"/>
      <metrics loc="7" ncloc="7" classes="0" methods="0" coveredmethods="0" conditionals="0" coveredconditionals="0" statements="4" coveredstatements="4" elements="4" coveredelements="4"/>
    </file>
    <file name="/home/www/www5/application/Core/i18n/fr/errors.php">
      <line num="3" type="stmt" count="7"/>
      <line num="4" type="stmt" count="7"/>
      <line num="5" type="stmt" count="7"/>
      <line num="6" type="stmt" count="7"/>
      <metrics loc="6" ncloc="6" classes="0" methods="0" coveredmethods="0" conditionals="0" coveredconditionals="0" statements="4" coveredstatements="4" elements="4" coveredelements="4"/>
    </file>
    <file name="/home/www/www5/application/Core/i18n/fr/forms.php">
      <line num="4" type="stmt" count="7"/>
      <line num="5" type="stmt" count="7"/>
      <line num="6" type="stmt" count="7"/>
      <line num="7" type="stmt" count="7"/>
      <line num="8" type="stmt" count="7"/>
      <line num="9" type="stmt" count="7"/>
      <line num="10" type="stmt" count="7"/>
      <line num="12" type="stmt" count="7"/>
      <metrics loc="12" ncloc="12" classes="0" methods="0" coveredmethods="0" conditionals="0" coveredconditionals="0" statements="8" coveredstatements="8" elements="8" coveredelements="8"/>
    </file>
    <file name="/home/www/www5/application/Core/i18n/fr/main.php">
      <line num="4" type="stmt" count="7"/>
      <line num="5" type="stmt" count="7"/>
      <line num="6" type="stmt" count="7"/>
      <line num="7" type="stmt" count="7"/>
      <line num="8" type="stmt" count="7"/>
      <line num="9" type="stmt" count="7"/>
      <line num="10" type="stmt" count="7"/>
      <line num="11" type="stmt" count="7"/>
      <line num="12" type="stmt" count="7"/>
      <line num="13" type="stmt" count="7"/>
      <line num="14" type="stmt" count="7"/>
      <line num="15" type="stmt" count="7"/>
      <line num="16" type="stmt" count="7"/>
      <line num="17" type="stmt" count="7"/>
      <line num="18" type="stmt" count="7"/>
      <line num="19" type="stmt" count="7"/>
      <line num="20" type="stmt" count="7"/>
      <line num="21" type="stmt" count="7"/>
      <line num="22" type="stmt" count="7"/>
      <line num="23" type="stmt" count="7"/>
      <line num="24" type="stmt" count="7"/>
      <line num="25" type="stmt" count="7"/>
      <line num="26" type="stmt" count="7"/>
      <line num="27" type="stmt" count="7"/>
      <line num="30" type="stmt" count="7"/>
      <metrics loc="30" ncloc="30" classes="0" methods="0" coveredmethods="0" conditionals="0" coveredconditionals="0" statements="25" coveredstatements="25" elements="25" coveredelements="25"/>
    </file>
    <file name="/home/www/www5/application/Core/i18n/fr/navigation.php">
      <line num="4" type="stmt" count="7"/>
      <line num="5" type="stmt" count="7"/>
      <line num="6" type="stmt" count="7"/>
      <line num="7" type="stmt" count="7"/>
      <line num="8" type="stmt" count="7"/>
      <line num="9" type="stmt" count="7"/>
      <line num="10" type="stmt" count="7"/>
      <line num="11" type="stmt" count="7"/>
      <line num="12" type="stmt" count="7"/>
      <line num="13" type="stmt" count="7"/>
      <line num="14" type="stmt" count="7"/>
      <line num="15" type="stmt" count="7"/>
      <metrics loc="15" ncloc="15" classes="0" methods="0" coveredmethods="0" conditionals="0" coveredconditionals="0" statements="12" coveredstatements="12" elements="12" coveredelements="12"/>
    </file>
    <file name="/home/www/www5/application/Core/models/DbTable/Role.php">
      <class name="Core_Model_DbTable_Role" namespace="global" fullPackage="Core.Model" category="MyApp" package="Core" subpackage="Model">
        <metrics methods="0" coveredmethods="0" conditionals="0" coveredconditionals="0" statements="0" coveredstatements="0" elements="0" coveredelements="0"/>
      </class>
      <line num="25" type="stmt" count="1"/>
      <line num="38" type="stmt" count="1"/>
      <metrics loc="37" ncloc="13" classes="1" methods="0" coveredmethods="0" conditionals="0" coveredconditionals="0" statements="1" coveredstatements="1" elements="1" coveredelements="1"/>
    </file>
    <file name="/home/www/www5/application/Core/models/DbTable/User.php">
      <class name="Core_Model_DbTable_User" namespace="global" fullPackage="Core.Model" category="MyApp" package="Core" subpackage="Model">
        <metrics methods="0" coveredmethods="0" conditionals="0" coveredconditionals="0" statements="0" coveredstatements="0" elements="0" coveredelements="0"/>
      </class>
      <line num="24" type="stmt" count="1"/>
      <line num="42" type="stmt" count="1"/>
      <metrics loc="41" ncloc="18" classes="1" methods="0" coveredmethods="0" conditionals="0" coveredconditionals="0" statements="1" coveredstatements="1" elements="1" coveredelements="1"/>
    </file>
    <file name="/home/www/www5/application/Core/models/Interface.php">
      <line num="15" type="stmt" count="1"/>
      <line num="20" type="stmt" count="1"/>
      <metrics loc="19" ncloc="7" classes="0" methods="0" coveredmethods="0" conditionals="0" coveredconditionals="0" statements="1" coveredstatements="1" elements="1" coveredelements="1"/>
    </file>
    <file name="/home/www/www5/application/Core/models/Role.php">
      <class name="Core_Model_Role" namespace="global" fullPackage="Core.Model" category="MyApp" package="Core" subpackage="Model">
        <metrics methods="4" coveredmethods="4" conditionals="0" coveredconditionals="0" statements="6" coveredstatements="6" elements="10" coveredelements="10"/>
      </class>
      <line num="38" type="method" name="getId" crap="1" count="1"/>
      <line num="40" type="stmt" count="1"/>
      <line num="46" type="method" name="setId" crap="1" count="3"/>
      <line num="48" type="stmt" count="3"/>
      <line num="50" type="stmt" count="3"/>
      <line num="56" type="method" name="getLabel" crap="1" count="3"/>
      <line num="58" type="stmt" count="3"/>
      <line num="64" type="method" name="setLabel" crap="1" count="3"/>
      <line num="66" type="stmt" count="3"/>
      <line num="68" type="stmt" count="3"/>
      <line num="72" type="stmt" count="1"/>
      <metrics loc="71" ncloc="31" classes="1" methods="4" coveredmethods="4" conditionals="0" coveredconditionals="0" statements="6" coveredstatements="6" elements="10" coveredelements="10"/>
    </file>
    <file name="/home/www/www5/application/Core/models/User.php">
      <class name="Core_Model_User" namespace="global" fullPackage="Core.Model" category="MyApp" package="Core" subpackage="Model">
        <metrics methods="14" coveredmethods="14" conditionals="0" coveredconditionals="0" statements="21" coveredstatements="21" elements="35" coveredelements="35"/>
      </class>
      <line num="58" type="method" name="getId" crap="1" count="3"/>
      <line num="60" type="stmt" count="3"/>
      <line num="66" type="method" name="setId" crap="1" count="3"/>
      <line num="68" type="stmt" count="3"/>
      <line num="70" type="stmt" count="3"/>
      <line num="76" type="method" name="getLogin" crap="1" count="3"/>
      <line num="78" type="stmt" count="3"/>
      <line num="84" type="method" name="setLogin" crap="1" count="3"/>
      <line num="86" type="stmt" count="3"/>
      <line num="88" type="stmt" count="3"/>
      <line num="94" type="method" name="getPassword" crap="1" count="1"/>
      <line num="96" type="stmt" count="1"/>
      <line num="103" type="method" name="setPassword" crap="1" count="3"/>
      <line num="105" type="stmt" count="3"/>
      <line num="107" type="stmt" count="3"/>
      <line num="113" type="method" name="getEmail" crap="1" count="3"/>
      <line num="115" type="stmt" count="3"/>
      <line num="121" type="method" name="setEmail" crap="1" count="3"/>
      <line num="123" type="stmt" count="3"/>
      <line num="125" type="stmt" count="3"/>
      <line num="131" type="method" name="getFirstname" crap="1" count="3"/>
      <line num="133" type="stmt" count="3"/>
      <line num="139" type="method" name="setFirstname" crap="1" count="3"/>
      <line num="141" type="stmt" count="3"/>
      <line num="143" type="stmt" count="3"/>
      <line num="149" type="method" name="getLastname" crap="1" count="3"/>
      <line num="151" type="stmt" count="3"/>
      <line num="157" type="method" name="setLastname" crap="1" count="3"/>
      <line num="159" type="stmt" count="3"/>
      <line num="161" type="stmt" count="3"/>
      <line num="166" type="method" name="getRole" crap="1" count="3"/>
      <line num="168" type="stmt" count="3"/>
      <line num="174" type="method" name="setRole" crap="1" count="3"/>
      <line num="176" type="stmt" count="3"/>
      <line num="178" type="stmt" count="3"/>
      <line num="182" type="stmt" count="1"/>
      <metrics loc="181" ncloc="96" classes="1" methods="14" coveredmethods="14" conditionals="0" coveredconditionals="0" statements="21" coveredstatements="21" elements="35" coveredelements="35"/>
    </file>
    <file name="/home/www/www5/application/Core/models/UserCollection.php">
      <class name="Core_Model_UserCollection" namespace="global" fullPackage="Core.Model" category="MyApp" package="Core" subpackage="Model">
        <metrics methods="0" coveredmethods="0" conditionals="0" coveredconditionals="0" statements="0" coveredstatements="0" elements="0" coveredelements="0"/>
      </class>
      <line num="26" type="stmt" count="1"/>
      <line num="28" type="stmt" count="1"/>
      <metrics loc="27" ncloc="5" classes="1" methods="0" coveredmethods="0" conditionals="0" coveredconditionals="0" statements="1" coveredstatements="1" elements="1" coveredelements="1"/>
    </file>
    <file name="/home/www/www5/application/Core/models/mappers/Abstract.php">
      <class name="Core_Model_Mapper_Abstract" namespace="global" fullPackage="Core.Model" category="MyApp" package="Core" subpackage="Model">
        <metrics methods="8" coveredmethods="5" conditionals="0" coveredconditionals="0" statements="42" coveredstatements="28" elements="50" coveredelements="33"/>
      </class>
      <line num="30" type="method" name="find" crap="2.03" count="1"/>
      <line num="33" type="stmt" count="1"/>
      <line num="35" type="stmt" count="1"/>
      <line num="36" type="stmt" count="0"/>
      <line num="38" type="stmt" count="1"/>
      <line num="39" type="stmt" count="1"/>
      <line num="42" type="method" name="fetchAll" crap="3.02" count="1"/>
      <line num="44" type="stmt" count="1"/>
      <line num="45" type="stmt" count="1"/>
      <line num="46" type="stmt" count="0"/>
      <line num="48" type="stmt" count="1"/>
      <line num="49" type="stmt" count="1"/>
      <line num="50" type="stmt" count="1"/>
      <line num="51" type="stmt" count="1"/>
      <line num="52" type="stmt" count="1"/>
      <line num="55" type="method" name="setDbTable" crap="2" count="0"/>
      <line num="56" type="stmt" count="0"/>
      <line num="57" type="stmt" count="0"/>
      <line num="59" type="method" name="getDbTable" crap="3.21" count="3"/>
      <line num="60" type="stmt" count="3"/>
      <line num="61" type="stmt" count="3"/>
      <line num="62" type="stmt" count="0"/>
      <line num="64" type="stmt" count="0"/>
      <line num="66" type="stmt" count="3"/>
      <line num="67" type="stmt" count="3"/>
      <line num="68" type="stmt" count="3"/>
      <line num="78" type="method" name="delete" crap="5.26" count="1"/>
      <line num="80" type="stmt" count="1"/>
      <line num="81" type="stmt" count="1"/>
      <line num="82" type="stmt" count="1"/>
      <line num="83" type="stmt" count="0"/>
      <line num="84" type="stmt" count="0"/>
      <line num="85" type="stmt" count="0"/>
      <line num="86" type="stmt" count="0"/>
      <line num="89" type="stmt" count="1"/>
      <line num="90" type="stmt" count="1"/>
      <line num="91" type="stmt" count="1"/>
      <line num="93" type="stmt" count="1"/>
      <line num="94" type="stmt" count="0"/>
      <line num="96" type="stmt" count="0"/>
      <line num="98" type="stmt" count="1"/>
      <line num="101" type="method" name="save" crap="2.15" count="1"/>
      <line num="103" type="stmt" count="1"/>
      <line num="106" type="stmt" count="1"/>
      <line num="107" type="stmt" count="1"/>
      <line num="108" type="stmt" count="1"/>
      <line num="111" type="stmt" count="0"/>
      <line num="112" type="stmt" count="0"/>
      <line num="116" type="method" name="rowToObject" crap="1" count="0"/>
      <line num="118" type="method" name="objectToArray" crap="1" count="0"/>
      <line num="119" type="stmt" count="1"/>
      <metrics loc="118" ncloc="87" classes="1" methods="6" coveredmethods="0" conditionals="0" coveredconditionals="0" statements="42" coveredstatements="28" elements="48" coveredelements="28"/>
    </file>
    <file name="/home/www/www5/application/Core/models/mappers/Role.php">
      <class name="Core_Model_Mapper_Role" namespace="global" fullPackage="Core.Model" category="MyApp" package="Core" subpackage="Model">
        <metrics methods="2" coveredmethods="1" conditionals="0" coveredconditionals="0" statements="7" coveredstatements="4" elements="9" coveredelements="5"/>
      </class>
      <line num="34" type="method" name="rowToObject" crap="1" count="3"/>
      <line num="37" type="stmt" count="3"/>
      <line num="38" type="stmt" count="3"/>
      <line num="39" type="stmt" count="3"/>
      <line num="41" type="stmt" count="3"/>
      <line num="44" type="method" name="objectToArray" crap="2" count="0"/>
      <line num="46" type="stmt" count="0"/>
      <line num="47" type="stmt" count="0"/>
      <line num="49" type="stmt" count="0"/>
      <line num="52" type="stmt" count="1"/>
      <metrics loc="51" ncloc="28" classes="1" methods="2" coveredmethods="1" conditionals="0" coveredconditionals="0" statements="7" coveredstatements="4" elements="9" coveredelements="5"/>
    </file>
    <file name="/home/www/www5/application/Core/models/mappers/User.php">
      <class name="Core_Model_Mapper_User" namespace="global" fullPackage="Core.Model" category="MyApp" package="Core" subpackage="Model">
        <metrics methods="3" coveredmethods="3" conditionals="0" coveredconditionals="0" statements="29" coveredstatements="28" elements="32" coveredelements="31"/>
      </class>
      <line num="0" type="stmt" count="1"/>
      <line num="40" type="method" name="fetchAll" crap="3.02" count="3"/>
      <line num="42" type="stmt" count="3"/>
      <line num="44" type="stmt" count="3"/>
      <line num="45" type="stmt" count="0"/>
      <line num="47" type="stmt" count="3"/>
      <line num="48" type="stmt" count="3"/>
      <line num="49" type="stmt" count="3"/>
      <line num="50" type="stmt" count="3"/>
      <line num="52" type="stmt" count="3"/>
      <line num="55" type="method" name="rowToObject" crap="1" count="3"/>
      <line num="58" type="stmt" count="3"/>
      <line num="60" type="stmt" count="3"/>
      <line num="61" type="stmt" count="3"/>
      <line num="62" type="stmt" count="3"/>
      <line num="64" type="stmt" count="3"/>
      <line num="65" type="stmt" count="3"/>
      <line num="66" type="stmt" count="3"/>
      <line num="67" type="stmt" count="3"/>
      <line num="68" type="stmt" count="3"/>
      <line num="69" type="stmt" count="3"/>
      <line num="70" type="stmt" count="3"/>
      <line num="71" type="stmt" count="3"/>
      <line num="73" type="stmt" count="3"/>
      <line num="76" type="method" name="objectToArray" crap="1" count="1"/>
      <line num="78" type="stmt" count="1"/>
      <line num="79" type="stmt" count="1"/>
      <line num="80" type="stmt" count="1"/>
      <line num="81" type="stmt" count="1"/>
      <line num="82" type="stmt" count="1"/>
      <line num="83" type="stmt" count="1"/>
      <line num="84" type="stmt" count="1"/>
      <line num="86" type="stmt" count="1"/>
      <line num="89" type="stmt" count="1"/>
      <metrics loc="88" ncloc="63" classes="1" methods="3" coveredmethods="2" conditionals="0" coveredconditionals="0" statements="29" coveredstatements="28" elements="32" coveredelements="30"/>
    </file>
    <file name="/home/www/www5/application/Core/plugins/Auth.php">
      <class name="Core_Plugin_Auth" namespace="global" fullPackage="Core.Plugin" category="MyApp" package="Core" subpackage="Plugin">
        <metrics methods="1" coveredmethods="1" conditionals="0" coveredconditionals="0" statements="8" coveredstatements="8" elements="9" coveredelements="9"/>
      </class>
      <line num="27" type="method" name="dispatchLoopStartup" crap="2" count="7"/>
      <line num="29" type="stmt" count="7"/>
      <line num="30" type="stmt" count="7"/>
      <line num="31" type="stmt" count="7"/>
      <line num="32" type="stmt" count="7"/>
      <line num="33" type="stmt" count="7"/>
      <line num="34" type="stmt" count="7"/>
      <line num="35" type="stmt" count="7"/>
      <line num="36" type="stmt" count="7"/>
      <line num="38" type="stmt" count="1"/>
      <metrics loc="37" ncloc="15" classes="1" methods="1" coveredmethods="1" conditionals="0" coveredconditionals="0" statements="8" coveredstatements="8" elements="9" coveredelements="9"/>
    </file>
    <file name="/home/www/www5/application/Core/services/Role.php">
      <class name="Core_Service_Role" namespace="global" fullPackage="Core.Service" category="MyApp" package="Core" subpackage="Service">
        <metrics methods="6" coveredmethods="2" conditionals="0" coveredconditionals="0" statements="10" coveredstatements="5" elements="16" coveredelements="7"/>
      </class>
      <line num="52" type="method" name="find" crap="1" count="1"/>
      <line num="55" type="stmt" count="1"/>
      <line num="65" type="method" name="fetchAll" crap="2" count="0"/>
      <line num="67" type="stmt" count="0"/>
      <line num="77" type="method" name="save" crap="2" count="0"/>
      <line num="79" type="stmt" count="0"/>
      <line num="89" type="method" name="delete" crap="2" count="0"/>
      <line num="91" type="stmt" count="0"/>
      <line num="101" type="method" name="getRoleMapper" crap="2" count="1"/>
      <line num="104" type="stmt" count="1"/>
      <line num="105" type="stmt" count="1"/>
      <line num="106" type="stmt" count="1"/>
      <line num="108" type="stmt" count="1"/>
      <line num="116" type="method" name="setRoleMapper" crap="2" count="0"/>
      <line num="118" type="stmt" count="0"/>
      <line num="119" type="stmt" count="0"/>
      <line num="121" type="stmt" count="1"/>
      <metrics loc="120" ncloc="42" classes="1" methods="6" coveredmethods="2" conditionals="0" coveredconditionals="0" statements="10" coveredstatements="5" elements="16" coveredelements="7"/>
    </file>
    <file name="/home/www/www5/application/Core/services/User.php">
      <class name="Core_Service_User" namespace="global" fullPackage="Core.Service" category="MyApp" package="Core" subpackage="Service">
        <metrics methods="9" coveredmethods="7" conditionals="0" coveredconditionals="0" statements="34" coveredstatements="31" elements="43" coveredelements="38"/>
      </class>
      <line num="0" type="stmt" count="1"/>
      <line num="71" type="method" name="authenticate" crap="2" count="6"/>
      <line num="73" type="stmt" count="6"/>
      <line num="74" type="stmt" count="6"/>
      <line num="75" type="stmt" count="6"/>
      <line num="76" type="stmt" count="6"/>
      <line num="77" type="stmt" count="6"/>
      <line num="78" type="stmt" count="5"/>
      <line num="79" type="stmt" count="5"/>
      <line num="81" type="stmt" count="5"/>
      <line num="84" type="stmt" count="1"/>
      <line num="90" type="method" name="clearIdentity" crap="1" count="1"/>
      <line num="92" type="stmt" count="1"/>
      <line num="93" type="stmt" count="1"/>
      <line num="98" type="method" name="hasIdentity" crap="1" count="1"/>
      <line num="100" type="stmt" count="1"/>
      <line num="111" type="method" name="find" crap="2" count="0"/>
      <line num="113" type="stmt" count="0"/>
      <line num="123" type="method" name="fetchAll" crap="2" count="3"/>
      <line num="125" type="stmt" count="3"/>
      <line num="126" type="stmt" count="3"/>
      <line num="127" type="stmt" count="3"/>
      <line num="128" type="stmt" count="3"/>
      <line num="129" type="stmt" count="3"/>
      <line num="138" type="stmt" count="5"/>
      <line num="139" type="method" name="save" crap="2" count="1"/>
      <line num="141" type="stmt" count="1"/>
      <line num="142" type="stmt" count="1"/>
      <line num="143" type="stmt" count="1"/>
      <line num="144" type="stmt" count="1"/>
      <line num="145" type="stmt" count="1"/>
      <line num="155" type="method" name="delete" crap="2" count="1"/>
      <line num="157" type="stmt" count="1"/>
      <line num="158" type="stmt" count="1"/>
      <line num="159" type="stmt" count="1"/>
      <line num="160" type="stmt" count="1"/>
      <line num="161" type="stmt" count="1"/>
      <line num="171" type="method" name="getUserMapper" crap="2" count="3"/>
      <line num="173" type="stmt" count="3"/>
      <line num="174" type="stmt" count="3"/>
      <line num="175" type="stmt" count="3"/>
      <line num="177" type="stmt" count="3"/>
      <line num="185" type="method" name="setUserMapper" crap="2" count="0"/>
      <line num="187" type="stmt" count="0"/>
      <line num="188" type="stmt" count="0"/>
      <line num="190" type="stmt" count="1"/>
      <metrics loc="189" ncloc="79" classes="1" methods="9" coveredmethods="7" conditionals="0" coveredconditionals="0" statements="35" coveredstatements="32" elements="44" coveredelements="39"/>
    </file>
    <file name="/home/www/www5/application/Core/views/layouts/signin.phtml">
      <line num="1" type="stmt" count="5"/>
      <line num="9" type="stmt" count="5"/>
      <line num="10" type="stmt" count="5"/>
      <line num="11" type="stmt" count="5"/>
      <line num="18" type="stmt" count="5"/>
      <line num="19" type="stmt" count="5"/>
      <line num="20" type="stmt" count="5"/>
      <line num="21" type="stmt" count="5"/>
      <line num="22" type="stmt" count="5"/>
      <line num="23" type="stmt" count="5"/>
      <line num="24" type="stmt" count="0"/>
      <line num="32" type="stmt" count="5"/>
      <line num="33" type="stmt" count="5"/>
      <line num="34" type="stmt" count="5"/>
      <line num="35" type="stmt" count="5"/>
      <line num="37" type="stmt" count="5"/>
      <line num="45" type="stmt" count="5"/>
      <line num="46" type="stmt" count="5"/>
      <line num="47" type="stmt" count="5"/>
      <line num="58" type="stmt" count="5"/>
      <line num="67" type="stmt" count="5"/>
      <line num="68" type="stmt" count="5"/>
      <line num="69" type="stmt" count="5"/>
      <line num="70" type="stmt" count="5"/>
      <line num="77" type="stmt" count="5"/>
      <metrics loc="76" ncloc="76" classes="0" methods="0" coveredmethods="0" conditionals="0" coveredconditionals="0" statements="24" coveredstatements="23" elements="24" coveredelements="23"/>
    </file>
    <file name="/home/www/www5/application/Core/views/scripts/auth/signin.phtml">
      <line num="1" type="stmt" count="2"/>
      <line num="3" type="stmt" count="2"/>
      <line num="5" type="stmt" count="2"/>
      <line num="8" type="stmt" count="2"/>
      <line num="10" type="stmt" count="2"/>
      <line num="12" type="stmt" count="2"/>
      <line num="14" type="stmt" count="2"/>
      <line num="15" type="stmt" count="2"/>
      <line num="17" type="stmt" count="2"/>
      <line num="20" type="stmt" count="2"/>
      <line num="21" type="stmt" count="2"/>
      <line num="22" type="stmt" count="2"/>
      <line num="24" type="stmt" count="2"/>
      <line num="26" type="stmt" count="2"/>
      <line num="28" type="stmt" count="2"/>
      <line num="29" type="stmt" count="2"/>
      <line num="31" type="stmt" count="2"/>
      <line num="34" type="stmt" count="2"/>
      <line num="35" type="stmt" count="2"/>
      <line num="37" type="stmt" count="2"/>
      <line num="39" type="stmt" count="2"/>
      <line num="40" type="stmt" count="2"/>
      <line num="41" type="stmt" count="2"/>
      <line num="43" type="stmt" count="2"/>
      <line num="44" type="stmt" count="2"/>
      <line num="45" type="stmt" count="2"/>
      <line num="47" type="stmt" count="2"/>
      <line num="48" type="stmt" count="2"/>
      <line num="49" type="stmt" count="2"/>
      <line num="50" type="stmt" count="2"/>
      <line num="53" type="stmt" count="2"/>
      <line num="55" type="stmt" count="2"/>
      <line num="57" type="stmt" count="2"/>
      <line num="58" type="stmt" count="2"/>
      <line num="59" type="stmt" count="2"/>
      <line num="60" type="stmt" count="2"/>
      <line num="62" type="stmt" count="2"/>
      <line num="63" type="stmt" count="2"/>
      <line num="862" type="stmt" count="2"/>
      <metrics loc="62" ncloc="62" classes="0" methods="0" coveredmethods="0" conditionals="0" coveredconditionals="0" statements="37" coveredstatements="37" elements="37" coveredelements="37"/>
    </file>
    <file name="/home/www/www5/application/Core/views/scripts/user/list.phtml">
      <line num="2" type="stmt" count="3"/>
      <line num="3" type="stmt" count="3"/>
      <line num="9" type="stmt" count="3"/>
      <line num="10" type="stmt" count="3"/>
      <line num="11" type="stmt" count="3"/>
      <line num="12" type="stmt" count="3"/>
      <line num="17" type="stmt" count="3"/>
      <line num="19" type="stmt" count="3"/>
      <line num="20" type="stmt" count="3"/>
      <line num="21" type="stmt" count="3"/>
      <line num="22" type="stmt" count="3"/>
      <line num="24" type="stmt" count="3"/>
      <line num="26" type="stmt" count="3"/>
      <line num="34" type="stmt" count="3"/>
      <metrics loc="33" ncloc="33" classes="0" methods="0" coveredmethods="0" conditionals="0" coveredconditionals="0" statements="13" coveredstatements="13" elements="13" coveredelements="13"/>
    </file>
    <file name="/home/www/www5/library/My/Application/Resource/Zfdebug.php">
      <class name="My_Application_Resource_Zfdebug" namespace="global" fullPackage="Application.Resource" category="My" package="Application" subpackage="Resource">
        <metrics methods="1" coveredmethods="1" conditionals="0" coveredconditionals="0" statements="26" coveredstatements="3" elements="27" coveredelements="4"/>
      </class>
      <line num="27" type="method" name="init" crap="15.08" count="7"/>
      <line num="29" type="stmt" count="7"/>
      <line num="31" type="stmt" count="7"/>
      <line num="32" type="stmt" count="7"/>
      <line num="35" type="stmt" count="0"/>
      <line num="37" type="stmt" count="0"/>
      <line num="41" type="stmt" count="0"/>
      <line num="42" type="stmt" count="0"/>
      <line num="43" type="stmt" count="0"/>
      <line num="44" type="stmt" count="0"/>
      <line num="45" type="stmt" count="0"/>
      <line num="46" type="stmt" count="0"/>
      <line num="47" type="stmt" count="0"/>
      <line num="48" type="stmt" count="0"/>
      <line num="50" type="stmt" count="0"/>
      <line num="52" type="stmt" count="0"/>
      <line num="55" type="stmt" count="0"/>
      <line num="56" type="stmt" count="0"/>
      <line num="57" type="stmt" count="0"/>
      <line num="58" type="stmt" count="0"/>
      <line num="59" type="stmt" count="0"/>
      <line num="62" type="stmt" count="0"/>
      <line num="66" type="stmt" count="0"/>
      <line num="69" type="stmt" count="0"/>
      <line num="70" type="stmt" count="0"/>
      <line num="71" type="stmt" count="0"/>
      <line num="73" type="stmt" count="0"/>
      <line num="78" type="stmt" count="1"/>
      <metrics loc="77" ncloc="17" classes="1" methods="1" coveredmethods="0" conditionals="0" coveredconditionals="0" statements="26" coveredstatements="3" elements="27" coveredelements="3"/>
    </file>
    <file name="/home/www/www5/library/My/Model/Collection.php">
      <class name="My_Model_Collection" namespace="global" fullPackage="Model" category="My" package="Model">
        <metrics methods="6" coveredmethods="5" conditionals="0" coveredconditionals="0" statements="9" coveredstatements="8" elements="15" coveredelements="13"/>
      </class>
      <line num="29" type="method" name="current" crap="1" count="3"/>
      <line num="31" type="stmt" count="3"/>
      <line num="36" type="method" name="next" crap="1" count="3"/>
      <line num="38" type="stmt" count="3"/>
      <line num="39" type="stmt" count="3"/>
      <line num="43" type="method" name="key" crap="2" count="0"/>
      <line num="45" type="stmt" count="0"/>
      <line num="50" type="method" name="valid" crap="1" count="3"/>
      <line num="52" type="stmt" count="3"/>
      <line num="57" type="method" name="rewind" crap="1" count="3"/>
      <line num="59" type="stmt" count="3"/>
      <line num="60" type="stmt" count="3"/>
      <line num="62" type="method" name="add" crap="1" count="3"/>
      <line num="64" type="stmt" count="3"/>
      <line num="65" type="stmt" count="3"/>
      <line num="68" type="stmt" count="1"/>
      <metrics loc="67" ncloc="33" classes="1" methods="6" coveredmethods="5" conditionals="0" coveredconditionals="0" statements="9" coveredstatements="8" elements="15" coveredelements="13"/>
    </file>
    <file name="/home/www/www5/library/My/Service/ServiceAbstract.php">
      <class name="My_Service_ServiceAbstract" namespace="global" fullPackage="Service" category="My" package="Service">
        <metrics methods="2" coveredmethods="1" conditionals="0" coveredconditionals="0" statements="9" coveredstatements="7" elements="11" coveredelements="8"/>
      </class>
      <line num="43" type="method" name="getCache" crap="2" count="3"/>
      <line num="45" type="stmt" count="3"/>
      <line num="46" type="stmt" count="3"/>
      <line num="47" type="stmt" count="3"/>
      <line num="48" type="stmt" count="3"/>
      <line num="49" type="stmt" count="3"/>
      <line num="50" type="stmt" count="3"/>
      <line num="52" type="stmt" count="3"/>
      <line num="59" type="method" name="setCache" crap="2" count="0"/>
      <line num="61" type="stmt" count="0"/>
      <line num="62" type="stmt" count="0"/>
      <line num="64" type="stmt" count="1"/>
      <metrics loc="63" ncloc="24" classes="1" methods="2" coveredmethods="1" conditionals="0" coveredconditionals="0" statements="9" coveredstatements="7" elements="11" coveredelements="8"/>
    </file>
    <file name="/home/www/www5/tests/functionnal/bootstrap.php">
      <line num="3" type="stmt" count="7"/>
      <line num="4" type="stmt" count="7"/>
      <line num="5" type="stmt" count="7"/>
      <line num="6" type="stmt" count="7"/>
      <line num="8" type="stmt" count="7"/>
      <line num="10" type="stmt" count="7"/>
      <line num="11" type="stmt" count="7"/>
      <line num="12" type="stmt" count="7"/>
      <line num="13" type="stmt" count="7"/>
      <line num="15" type="stmt" count="7"/>
      <metrics loc="14" ncloc="14" classes="0" methods="0" coveredmethods="0" conditionals="0" coveredconditionals="0" statements="9" coveredstatements="9" elements="9" coveredelements="9"/>
    </file>
    <metrics files="33" loc="1951" ncloc="1179" classes="18" methods="62" coveredmethods="44" conditionals="0" coveredconditionals="0" statements="626" coveredstatements="563" elements="688" coveredelements="607"/>
  </project>
</coverage>
